Compiling the C compiler identification source file "CMakeCCompilerId.c" failed.
Compiler: /Library/Developer/CommandLineTools/usr/bin/cc 
Build flags: 
Id flags:  

The output was:
1
ld: library not found for -lSystem
clang: error: linker command failed with exit code 1 (use -v to see invocation)


Compiling the CXX compiler identification source file "CMakeCXXCompilerId.cpp" failed.
Compiler: /opt/homebrew/Cellar/gcc/10.2.0_4/bin/g++-10 
Build flags: 
Id flags:  

The output was:
No such file or directory


Compiling the CXX compiler identification source file "CMakeCXXCompilerId.cpp" failed.
Compiler: /opt/homebrew/Cellar/gcc/10.2.0_4/bin/g++-10 
Build flags: 
Id flags: -c 

The output was:
No such file or directory


Compiling the CXX compiler identification source file "CMakeCXXCompilerId.cpp" failed.
Compiler: /opt/homebrew/Cellar/gcc/10.2.0_4/bin/g++-10 
Build flags: 
Id flags: --c++ 

The output was:
No such file or directory


Compiling the CXX compiler identification source file "CMakeCXXCompilerId.cpp" failed.
Compiler: /opt/homebrew/Cellar/gcc/10.2.0_4/bin/g++-10 
Build flags: 
Id flags: --ec++ 

The output was:
No such file or directory


Compiling the CXX compiler identification source file "CMakeCXXCompilerId.cpp" failed.
Compiler: /opt/homebrew/Cellar/gcc/10.2.0_4/bin/g++-10 
Build flags: 
Id flags: --target=arm-arm-none-eabi;-mcpu=cortex-m3 

The output was:
No such file or directory


Compiling the CXX compiler identification source file "CMakeCXXCompilerId.cpp" failed.
Compiler: /opt/homebrew/Cellar/gcc/10.2.0_4/bin/g++-10 
Build flags: 
Id flags:  

The output was:
No such file or directory


Compiling the CXX compiler identification source file "CMakeCXXCompilerId.cpp" failed.
Compiler: /opt/homebrew/Cellar/gcc/10.2.0_4/bin/g++-10 
Build flags: 
Id flags: -c 

The output was:
No such file or directory


Compiling the CXX compiler identification source file "CMakeCXXCompilerId.cpp" failed.
Compiler: /opt/homebrew/Cellar/gcc/10.2.0_4/bin/g++-10 
Build flags: 
Id flags: --c++ 

The output was:
No such file or directory


Compiling the CXX compiler identification source file "CMakeCXXCompilerId.cpp" failed.
Compiler: /opt/homebrew/Cellar/gcc/10.2.0_4/bin/g++-10 
Build flags: 
Id flags: --ec++ 

The output was:
No such file or directory


Compiling the CXX compiler identification source file "CMakeCXXCompilerId.cpp" failed.
Compiler: /opt/homebrew/Cellar/gcc/10.2.0_4/bin/g++-10 
Build flags: 
Id flags: --target=arm-arm-none-eabi;-mcpu=cortex-m3 

The output was:
No such file or directory


Checking whether the CXX compiler is IAR using "" did not match "IAR .+ Compiler":
Checking whether the CXX compiler is IAR using "" did not match "IAR .+ Compiler":
Detecting C compiler ABI info failed to compile with the following output:
Change Dir: /Users/hep/code/C-Cpp_Proj/cmake-build-debug/CMakeFiles/CMakeTmp

Run Build Command(s):/opt/homebrew/Cellar/cmake/3.20.1/bin/cmake cmTC_7d42c/fast && No such file or directory
Generator: execution of make failed. Make command was: /opt/homebrew/Cellar/cmake/3.20.1/bin/cmake cmTC_7d42c/fast && 



Determining if the C compiler works failed with the following output:
Change Dir: /Users/hep/code/C-Cpp_Proj/cmake-build-debug/CMakeFiles/CMakeTmp

Run Build Command(s):/opt/homebrew/Cellar/cmake/3.20.1/bin/cmake cmTC_c27c0/fast && No such file or directory
Generator: execution of make failed. Make command was: /opt/homebrew/Cellar/cmake/3.20.1/bin/cmake cmTC_c27c0/fast && 


